<?xml version="1.0" encoding="UTF-8"?>
<testsuite xmlns:xsi="http://www.w3.org/2001/XMLSchema-instance" xsi:noNamespaceSchemaLocation="https://maven.apache.org/surefire/maven-surefire-plugin/xsd/surefire-test-report.xsd" version="3.0.2" name="com.sugifkms.springboot.spring_boot.HelloControllerITest" time="2.273" tests="1" errors="0" skipped="0" failures="0">
  <properties>
[...]
</properties>
  <testcase name="getHello" classname="com.sugifkms.springboot.spring_boot.HelloControllerITest" time="0.587">
    <system-out><![CDATA[00:27:37.531 [main] INFO org.springframework.test.context.support.AnnotationConfigContextLoaderUtils -- Could not detect default configuration classes for test class [com.sugifkms.springboot.spring_boot.HelloControllerITest]: HelloControllerITest does not declare any static, non-private, non-final, nested classes annotated with @Configuration.
00:27:37.585 [main] INFO org.springframework.boot.test.context.SpringBootTestContextBootstrapper -- Found @SpringBootConfiguration com.sugifkms.springboot.Application for test class com.sugifkms.springboot.spring_boot.HelloControllerITest

  .   ____          _            __ _ _
 /\\ / ___'_ __ _ _(_)_ __  __ _ \ \ \ \
( ( )\___ | '_ | '_| | '_ \/ _` | \ \ \ \
 \\/  ___)| |_)| | | | | || (_| |  ) ) ) )
  '  |____| .__|_| |_|_| |_\__, | / / / /
 =========|_|==============|___/=/_/_/_/

 :: Spring Boot ::                (v3.4.5)

2025-05-07T00:27:37.787+01:00  INFO 5355 --- [spring-boot] [           main] c.s.s.spring_boot.HelloControllerITest   : Starting HelloControllerITest using Java 21.0.7 with PID 5355 (started by francojacobo in /Users/francojacobo/Documents/spring-boot)
2025-05-07T00:27:37.790+01:00  INFO 5355 --- [spring-boot] [           main] c.s.s.spring_boot.HelloControllerITest   : No active profile set, falling back to 1 default profile: "default"
2025-05-07T00:27:38.519+01:00  INFO 5355 --- [spring-boot] [           main] o.s.b.w.embedded.tomcat.TomcatWebServer  : Tomcat initialized with port 0 (http)
2025-05-07T00:27:38.527+01:00  INFO 5355 --- [spring-boot] [           main] o.apache.catalina.core.StandardService   : Starting service [Tomcat]
2025-05-07T00:27:38.527+01:00  INFO 5355 --- [spring-boot] [           main] o.apache.catalina.core.StandardEngine    : Starting Servlet engine: [Apache Tomcat/10.1.40]
2025-05-07T00:27:38.548+01:00  INFO 5355 --- [spring-boot] [           main] o.a.c.c.C.[Tomcat].[localhost].[/]       : Initializing Spring embedded WebApplicationContext
2025-05-07T00:27:38.548+01:00  INFO 5355 --- [spring-boot] [           main] w.s.c.ServletWebServerApplicationContext : Root WebApplicationContext: initialization completed in 744 ms
2025-05-07T00:27:38.657+01:00  WARN 5355 --- [spring-boot] [           main] o.s.security.core.userdetails.User       : User.withDefaultPasswordEncoder() is considered unsafe for production and is only intended for sample applications.
2025-05-07T00:27:38.752+01:00  INFO 5355 --- [spring-boot] [           main] r$InitializeUserDetailsManagerConfigurer : Global AuthenticationManager configured with UserDetailsService bean with name userDetailsService
2025-05-07T00:27:38.895+01:00  INFO 5355 --- [spring-boot] [           main] o.s.b.a.e.web.EndpointLinksResolver      : Exposing 1 endpoint beneath base path '/actuator'
2025-05-07T00:27:39.108+01:00  INFO 5355 --- [spring-boot] [           main] o.s.b.w.embedded.tomcat.TomcatWebServer  : Tomcat started on port 60445 (http) with context path '/'
2025-05-07T00:27:39.118+01:00  INFO 5355 --- [spring-boot] [           main] c.s.s.spring_boot.HelloControllerITest   : Started HelloControllerITest in 1.486 seconds (process running for 1.842)
2025-05-07T00:27:39.678+01:00  INFO 5355 --- [spring-boot] [o-auto-1-exec-1] o.a.c.c.C.[Tomcat].[localhost].[/]       : Initializing Spring DispatcherServlet 'dispatcherServlet'
2025-05-07T00:27:39.679+01:00  INFO 5355 --- [spring-boot] [o-auto-1-exec-1] o.s.web.servlet.DispatcherServlet        : Initializing Servlet 'dispatcherServlet'
2025-05-07T00:27:39.680+01:00  INFO 5355 --- [spring-boot] [o-auto-1-exec-1] o.s.web.servlet.DispatcherServlet        : Completed initialization in 0 ms
]]></system-out>
    <system-err><![CDATA[Mockito is currently self-attaching to enable the inline-mock-maker. This will no longer work in future releases of the JDK. Please add Mockito as an agent to your build what is described in Mockito's documentation: https://javadoc.io/doc/org.mockito/mockito-core/latest/org/mockito/Mockito.html#0.3
WARNING: A Java agent has been loaded dynamically (/Users/francojacobo/.m2/repository/net/bytebuddy/byte-buddy-agent/1.15.11/byte-buddy-agent-1.15.11.jar)
WARNING: If a serviceability tool is in use, please run with -XX:+EnableDynamicAgentLoading to hide this warning
WARNING: If a serviceability tool is not in use, please run with -Djdk.instrument.traceUsage for more information
WARNING: Dynamic loading of agents will be disallowed by default in a future release
]]></system-err>
  </testcase>
</testsuite>